# JRE version: 7.0_25-b30
# Java VM: OpenJDK 64-Bit Server VM (23.7-b01 mixed mode linux-amd64 compressed oops)
Heap
 PSYoungGen      total 281536K, used 7036K [0x00000000eaab0000, 0x0000000100000000, 0x0000000100000000)
  eden space 239744K, 2% used [0x00000000eaab0000,0x00000000eb18f3e0,0x00000000f94d0000)
  from space 41792K, 0% used [0x00000000f94d0000,0x00000000f94d0000,0x00000000fbda0000)
  to   space 58560K, 0% used [0x00000000fc6d0000,0x00000000fc6d0000,0x0000000100000000)
 ParOldGen       total 147904K, used 81992K [0x00000000c0000000, 0x00000000c9070000, 0x00000000eaab0000)
  object space 147904K, 55% used [0x00000000c0000000,0x00000000c50121e0,0x00000000c9070000)
 PSPermGen       total 33152K, used 16696K [0x00000000b5a00000, 0x00000000b7a60000, 0x00000000c0000000)
  object space 33152K, 50% used [0x00000000b5a00000,0x00000000b6a4e3e8,0x00000000b7a60000)
GC Heap History (10 events):
Event: 2.558 GC heap before
{Heap before GC invocations=6 (full 0):
 PSYoungGen      total 68352K, used 68320K [0x00000000eaab0000, 0x00000000f5270000, 0x0000000100000000)
  eden space 63104K, 100% used [0x00000000eaab0000,0x00000000ee850000,0x00000000ee850000)
  from space 5248K, 99% used [0x00000000ee850000,0x00000000eed68020,0x00000000eed70000)
  to   space 22784K, 0% used [0x00000000f3c30000,0x00000000f3c30000,0x00000000f5270000)
 ParOldGen       total 84096K, used 30015K [0x00000000c0000000, 0x00000000c5220000, 0x00000000eaab0000)
  object space 84096K, 35% used [0x00000000c0000000,0x00000000c1d4fc38,0x00000000c5220000)
 PSPermGen       total 21248K, used 14614K [0x00000000b5a00000, 0x00000000b6ec0000, 0x00000000c0000000)
  object space 21248K, 68% used [0x00000000b5a00000,0x00000000b6845968,0x00000000b6ec0000)
Event: 2.599 GC heap after
Heap after GC invocations=6 (full 0):
 PSYoungGen      total 146240K, used 18976K [0x00000000eaab0000, 0x00000000f57d0000, 0x0000000100000000)
  eden space 123456K, 0% used [0x00000000eaab0000,0x00000000eaab0000,0x00000000f2340000)
  from space 22784K, 83% used [0x00000000f3c30000,0x00000000f4eb8020,0x00000000f5270000)
  to   space 25536K, 0% used [0x00000000f2340000,0x00000000f2340000,0x00000000f3c30000)
 ParOldGen       total 84096K, used 30023K [0x00000000c0000000, 0x00000000c5220000, 0x00000000eaab0000)
  object space 84096K, 35% used [0x00000000c0000000,0x00000000c1d51c38,0x00000000c5220000)
 PSPermGen       total 21248K, used 14614K [0x00000000b5a00000, 0x00000000b6ec0000, 0x00000000c0000000)
  object space 21248K, 68% used [0x00000000b5a00000,0x00000000b6845968,0x00000000b6ec0000)
}
Event: 3.345 GC heap before
{Heap before GC invocations=7 (full 0):
 PSYoungGen      total 146240K, used 142432K [0x00000000eaab0000, 0x00000000f57d0000, 0x0000000100000000)
  eden space 123456K, 100% used [0x00000000eaab0000,0x00000000f2340000,0x00000000f2340000)
  from space 22784K, 83% used [0x00000000f3c30000,0x00000000f4eb8020,0x00000000f5270000)
  to   space 25536K, 0% used [0x00000000f2340000,0x00000000f2340000,0x00000000f3c30000)
 ParOldGen       total 84096K, used 30023K [0x00000000c0000000, 0x00000000c5220000, 0x00000000eaab0000)
  object space 84096K, 35% used [0x00000000c0000000,0x00000000c1d51c38,0x00000000c5220000)
 PSPermGen       total 21248K, used 15853K [0x00000000b5a00000, 0x00000000b6ec0000, 0x00000000c0000000)
  object space 21248K, 74% used [0x00000000b5a00000,0x00000000b697b6f0,0x00000000b6ec0000)
Event: 3.408 GC heap after
Heap after GC invocations=7 (full 0):
 PSYoungGen      total 148992K, used 25534K [0x00000000eaab0000, 0x00000000fdf70000, 0x0000000100000000)
  eden space 123456K, 0% used [0x00000000eaab0000,0x00000000eaab0000,0x00000000f2340000)
  from space 25536K, 99% used [0x00000000f2340000,0x00000000f3c2f9d0,0x00000000f3c30000)
  to   space 34624K, 0% used [0x00000000fbda0000,0x00000000fbda0000,0x00000000fdf70000)
 ParOldGen       total 84096K, used 38223K [0x00000000c0000000, 0x00000000c5220000, 0x00000000eaab0000)
  object space 84096K, 45% used [0x00000000c0000000,0x00000000c2553da0,0x00000000c5220000)
 PSPermGen       total 21248K, used 15853K [0x00000000b5a00000, 0x00000000b6ec0000, 0x00000000c0000000)
  object space 21248K, 74% used [0x00000000b5a00000,0x00000000b697b6f0,0x00000000b6ec0000)
}
Event: 4.014 GC heap before
{Heap before GC invocations=8 (full 0):
 PSYoungGen      total 148992K, used 148990K [0x00000000eaab0000, 0x00000000fdf70000, 0x0000000100000000)
  eden space 123456K, 100% used [0x00000000eaab0000,0x00000000f2340000,0x00000000f2340000)
  from space 25536K, 99% used [0x00000000f2340000,0x00000000f3c2f9d0,0x00000000f3c30000)
  to   space 34624K, 0% used [0x00000000fbda0000,0x00000000fbda0000,0x00000000fdf70000)
 ParOldGen       total 84096K, used 38223K [0x00000000c0000000, 0x00000000c5220000, 0x00000000eaab0000)
  object space 84096K, 45% used [0x00000000c0000000,0x00000000c2553da0,0x00000000c5220000)
 PSPermGen       total 21248K, used 15939K [0x00000000b5a00000, 0x00000000b6ec0000, 0x00000000c0000000)
  object space 21248K, 75% used [0x00000000b5a00000,0x00000000b6990ec8,0x00000000b6ec0000)
Event: 4.085 GC heap after
Heap after GC invocations=8 (full 0):
 PSYoungGen      total 274368K, used 34610K [0x00000000eaab0000, 0x00000000fed70000, 0x0000000100000000)
  eden space 239744K, 0% used [0x00000000eaab0000,0x00000000eaab0000,0x00000000f94d0000)
  from space 34624K, 99% used [0x00000000fbda0000,0x00000000fdf6ca80,0x00000000fdf70000)
  to   space 41792K, 0% used [0x00000000f94d0000,0x00000000f94d0000,0x00000000fbda0000)
 ParOldGen       total 84096K, used 40455K [0x00000000c0000000, 0x00000000c5220000, 0x00000000eaab0000)
  object space 84096K, 48% used [0x00000000c0000000,0x00000000c2781dc0,0x00000000c5220000)
 PSPermGen       total 21248K, used 15939K [0x00000000b5a00000, 0x00000000b6ec0000, 0x00000000c0000000)
  object space 21248K, 75% used [0x00000000b5a00000,0x00000000b6990ec8,0x00000000b6ec0000)
}
Event: 5.042 GC heap before
{Heap before GC invocations=9 (full 0):
 PSYoungGen      total 274368K, used 274354K [0x00000000eaab0000, 0x00000000fed70000, 0x0000000100000000)
  eden space 239744K, 100% used [0x00000000eaab0000,0x00000000f94d0000,0x00000000f94d0000)
  from space 34624K, 99% used [0x00000000fbda0000,0x00000000fdf6ca80,0x00000000fdf70000)
  to   space 41792K, 0% used [0x00000000f94d0000,0x00000000f94d0000,0x00000000fbda0000)
 ParOldGen       total 84096K, used 40455K [0x00000000c0000000, 0x00000000c5220000, 0x00000000eaab0000)
  object space 84096K, 48% used [0x00000000c0000000,0x00000000c2781dc0,0x00000000c5220000)
 PSPermGen       total 21248K, used 16452K [0x00000000b5a00000, 0x00000000b6ec0000, 0x00000000c0000000)
  object space 21248K, 77% used [0x00000000b5a00000,0x00000000b6a11228,0x00000000b6ec0000)
Event: 5.181 GC heap after
Heap after GC invocations=9 (full 0):
 PSYoungGen      total 281536K, used 41773K [0x00000000eaab0000, 0x0000000100000000, 0x0000000100000000)
  eden space 239744K, 0% used [0x00000000eaab0000,0x00000000eaab0000,0x00000000f94d0000)
  from space 41792K, 99% used [0x00000000f94d0000,0x00000000fbd9b4b0,0x00000000fbda0000)
  to   space 58560K, 0% used [0x00000000fc6d0000,0x00000000fc6d0000,0x0000000100000000)
 ParOldGen       total 84096K, used 64365K [0x00000000c0000000, 0x00000000c5220000, 0x00000000eaab0000)
  object space 84096K, 76% used [0x00000000c0000000,0x00000000c3edb410,0x00000000c5220000)
 PSPermGen       total 21248K, used 16452K [0x00000000b5a00000, 0x00000000b6ec0000, 0x00000000c0000000)
  object space 21248K, 77% used [0x00000000b5a00000,0x00000000b6a11228,0x00000000b6ec0000)
}
Event: 5.182 GC heap before
{Heap before GC invocations=10 (full 1):
 PSYoungGen      total 281536K, used 41773K [0x00000000eaab0000, 0x0000000100000000, 0x0000000100000000)
  eden space 239744K, 0% used [0x00000000eaab0000,0x00000000eaab0000,0x00000000f94d0000)
  from space 41792K, 99% used [0x00000000f94d0000,0x00000000fbd9b4b0,0x00000000fbda0000)
  to   space 58560K, 0% used [0x00000000fc6d0000,0x00000000fc6d0000,0x0000000100000000)
 ParOldGen       total 84096K, used 64365K [0x00000000c0000000, 0x00000000c5220000, 0x00000000eaab0000)
  object space 84096K, 76% used [0x00000000c0000000,0x00000000c3edb410,0x00000000c5220000)
 PSPermGen       total 21248K, used 16452K [0x00000000b5a00000, 0x00000000b6ec0000, 0x00000000c0000000)
  object space 21248K, 77% used [0x00000000b5a00000,0x00000000b6a11228,0x00000000b6ec0000)
Event: 5.488 GC heap after
Heap after GC invocations=10 (full 1):
 PSYoungGen      total 281536K, used 0K [0x00000000eaab0000, 0x0000000100000000, 0x0000000100000000)
  eden space 239744K, 0% used [0x00000000eaab0000,0x00000000eaab0000,0x00000000f94d0000)
  from space 41792K, 0% used [0x00000000f94d0000,0x00000000f94d0000,0x00000000fbda0000)
  to   space 58560K, 0% used [0x00000000fc6d0000,0x00000000fc6d0000,0x0000000100000000)
 ParOldGen       total 147904K, used 81992K [0x00000000c0000000, 0x00000000c9070000, 0x00000000eaab0000)
  object space 147904K, 55% used [0x00000000c0000000,0x00000000c50121e0,0x00000000c9070000)
 PSPermGen       total 33152K, used 16436K [0x00000000b5a00000, 0x00000000b7a60000, 0x00000000c0000000)
  object space 33152K, 49% used [0x00000000b5a00000,0x00000000b6a0d060,0x00000000b7a60000)
}

